<?xml version="1.0" encoding="UTF-8"?>
<!-- Generated by org.testng.reporters.JUnitXMLReporter -->
<testsuite ignored="1" hostname="DESKTOP-A3GF1GR" failures="2" tests="2" name="Default test(failed)" time="12.436" errors="0" timestamp="2026-04-25T15:39:42 IST">
  <testcase classname="test.searchPage_Test" name="resultVerify" time="1.438">
    <failure type="java.lang.AssertionError">
      <![CDATA[java.lang.AssertionError: 
at test.searchPage_Test.resultVerify(searchPage_Test.java:38)
at java.base/java.util.ArrayList.forEach(ArrayList.java:1596)
... Removed 28 stack frames]]>
    </failure>
  </testcase> <!-- resultVerify -->
  <testcase classname="test.searchPage_Test" name="searchProduct" time="0.009">
    <failure type="java.lang.NullPointerException" message="Cannot invoke &amp;quot;org.openqa.selenium.WebDriver.findElement(org.openqa.selenium.By)&amp;quot; because &amp;quot;this.driver&amp;quot; is null">
      <![CDATA[java.lang.NullPointerException: Cannot invoke "org.openqa.selenium.WebDriver.findElement(org.openqa.selenium.By)" because "this.driver" is null
at pages.homePage.searchProduct(homePage.java:22)
at test.searchPage_Test.searchProduct(searchPage_Test.java:28)
at java.base/java.util.ArrayList.forEach(ArrayList.java:1596)
... Removed 25 stack frames]]>
    </failure>
  </testcase> <!-- searchProduct -->
  <testcase classname="test.searchPage_Test" name="titleVerify" time="0.0">
    <ignored/>
  </testcase> <!-- titleVerify -->
</testsuite> <!-- Default test(failed) -->
