<?xml version="1.0" encoding="UTF-8"?>
<testng-results ignored="0" total="4" passed="4" failed="0" skipped="0">
  <reporter-output>
  </reporter-output>
  <suite started-at="2026-04-26T17:45:09 IST" name="Suite" finished-at="2026-04-26T17:46:15 IST" duration-ms="66651">
    <groups>
    </groups>
    <test started-at="2026-04-26T17:45:09 IST" name="Test2" finished-at="2026-04-26T17:46:15 IST" duration-ms="66358">
      <class name="test.searchPage_Test">
        <test-method is-config="true" signature="setup()[pri:0, instance:test.searchPage_Test@5fbe4146]" started-at="2026-04-26T17:45:09 IST" name="setup" finished-at="2026-04-26T17:45:34 IST" duration-ms="25105" status="PASS">
          <reporter-output>
          </reporter-output>
        </test-method> <!-- setup -->
        <test-method signature="searchProduct()[pri:0, instance:test.searchPage_Test@5fbe4146]" started-at="2026-04-26T17:45:34 IST" name="searchProduct" finished-at="2026-04-26T17:45:51 IST" duration-ms="16605" status="PASS">
          <reporter-output>
          </reporter-output>
        </test-method> <!-- searchProduct -->
        <test-method is-config="true" signature="tearDown()[pri:0, instance:test.searchPage_Test@5fbe4146]" started-at="2026-04-26T17:45:51 IST" name="tearDown" finished-at="2026-04-26T17:45:52 IST" duration-ms="1564" status="PASS">
          <reporter-output>
          </reporter-output>
        </test-method> <!-- tearDown -->
        <test-method is-config="true" signature="setup()[pri:0, instance:test.searchPage_Test@5fbe4146]" started-at="2026-04-26T17:45:52 IST" name="setup" finished-at="2026-04-26T17:46:01 IST" duration-ms="9182" status="PASS">
          <reporter-output>
          </reporter-output>
        </test-method> <!-- setup -->
        <test-method signature="titleVerify()[pri:0, instance:test.searchPage_Test@5fbe4146]" started-at="2026-04-26T17:46:01 IST" name="titleVerify" finished-at="2026-04-26T17:46:12 IST" duration-ms="10980" status="PASS">
          <reporter-output>
          </reporter-output>
        </test-method> <!-- titleVerify -->
        <test-method is-config="true" signature="tearDown()[pri:0, instance:test.searchPage_Test@5fbe4146]" started-at="2026-04-26T17:46:12 IST" name="tearDown" finished-at="2026-04-26T17:46:15 IST" duration-ms="2802" status="PASS">
          <reporter-output>
          </reporter-output>
        </test-method> <!-- tearDown -->
      </class> <!-- test.searchPage_Test -->
    </test> <!-- Test2 -->
    <test started-at="2026-04-26T17:45:09 IST" name="Test1" finished-at="2026-04-26T17:46:15 IST" duration-ms="66651">
      <class name="test.searchPage_Test">
        <test-method is-config="true" signature="setup()[pri:0, instance:test.searchPage_Test@36ebc363]" started-at="2026-04-26T17:45:09 IST" name="setup" finished-at="2026-04-26T17:45:37 IST" duration-ms="28230" status="PASS">
          <reporter-output>
          </reporter-output>
        </test-method> <!-- setup -->
        <test-method signature="searchProduct()[pri:0, instance:test.searchPage_Test@36ebc363]" started-at="2026-04-26T17:45:37 IST" name="searchProduct" finished-at="2026-04-26T17:45:57 IST" duration-ms="19704" status="PASS">
          <reporter-output>
          </reporter-output>
        </test-method> <!-- searchProduct -->
        <test-method is-config="true" signature="tearDown()[pri:0, instance:test.searchPage_Test@36ebc363]" started-at="2026-04-26T17:45:57 IST" name="tearDown" finished-at="2026-04-26T17:45:58 IST" duration-ms="1257" status="PASS">
          <reporter-output>
          </reporter-output>
        </test-method> <!-- tearDown -->
        <test-method is-config="true" signature="setup()[pri:0, instance:test.searchPage_Test@36ebc363]" started-at="2026-04-26T17:45:58 IST" name="setup" finished-at="2026-04-26T17:46:05 IST" duration-ms="6582" status="PASS">
          <reporter-output>
          </reporter-output>
        </test-method> <!-- setup -->
        <test-method signature="titleVerify()[pri:0, instance:test.searchPage_Test@36ebc363]" started-at="2026-04-26T17:46:05 IST" name="titleVerify" finished-at="2026-04-26T17:46:14 IST" duration-ms="9557" status="PASS">
          <reporter-output>
          </reporter-output>
        </test-method> <!-- titleVerify -->
        <test-method is-config="true" signature="tearDown()[pri:0, instance:test.searchPage_Test@36ebc363]" started-at="2026-04-26T17:46:14 IST" name="tearDown" finished-at="2026-04-26T17:46:15 IST" duration-ms="1200" status="PASS">
          <reporter-output>
          </reporter-output>
        </test-method> <!-- tearDown -->
      </class> <!-- test.searchPage_Test -->
    </test> <!-- Test1 -->
  </suite> <!-- Suite -->
</testng-results>
