<?xml version="1.0" encoding="UTF-8"?>
<!-- Generated by org.testng.reporters.JUnitReportReporter -->
<testsuite hostname="DESKTOP-A3GF1GR" failures="0" tests="4" name="test.searchPage_Test" time="132.768" errors="0" timestamp="2026-04-26T17:46:16 IST" skipped="0">
  <testcase classname="test.searchPage_Test" name="titleVerify" time="22.964"/>
  <testcase classname="test.searchPage_Test" name="searchProduct" time="49.134"/>
  <testcase classname="test.searchPage_Test" name="titleVerify" time="17.396"/>
  <testcase classname="test.searchPage_Test" name="searchProduct" time="43.274"/>
</testsuite> <!-- test.searchPage_Test -->
